<?xml version="1.0" encoding="UTF-8"?>
<!-- Generated by org.testng.reporters.JUnitXMLReporter -->
<testsuite ignored="2" hostname="BSC-PG02B565" failures="0" tests="1" name="Default test" time="139.901" errors="0" timestamp="2022-05-23T16:28:04 IST">
  <testcase classname="com.allegis.tests.TestClass" name="amazonfashion" time="99.774"/>
  <testcase classname="com.allegis.tests.TestClass" name="login" time="0.0">
    <ignored/>
  </testcase> <!-- login -->
  <testcase classname="com.allegis.tests.TestClass" name="amazonwishlist" time="0.0">
    <ignored/>
  </testcase> <!-- amazonwishlist -->
</testsuite> <!-- Default test -->
