<?xml version="1.0" encoding="UTF-8"?>
<testng-results ignored="2" total="3" passed="1" failed="0" skipped="0">
  <reporter-output>
    <line>
      <![CDATA[Nike page is opened and displayed]]>
    </line>
    <line>
      <![CDATA[nike chroma flipflop added to the cart successfully]]>
    </line>
  </reporter-output>
  <suite started-at="2022-05-23T16:25:44 IST" name="Default suite" finished-at="2022-05-23T16:28:04 IST" duration-ms="139901">
    <groups>
    </groups>
    <test started-at="2022-05-23T16:25:44 IST" name="Default test" finished-at="2022-05-23T16:28:04 IST" duration-ms="139901">
      <class name="com.allegis.tests.TestClass">
        <test-method is-config="true" signature="setup()[pri:0, instance:com.allegis.tests.TestClass@291ae]" started-at="2022-05-23T16:25:44 IST" name="setup" finished-at="2022-05-23T16:26:24 IST" duration-ms="39743" status="PASS">
          <reporter-output>
          </reporter-output>
        </test-method> <!-- setup -->
        <test-method signature="amazonfashion()[pri:2, instance:com.allegis.tests.TestClass@291ae]" started-at="2022-05-23T16:26:24 IST" name="amazonfashion" description="This test method is to add a Nike product to wish list" finished-at="2022-05-23T16:28:04 IST" duration-ms="99774" status="PASS">
          <reporter-output>
            <line>
              <![CDATA[Nike page is opened and displayed]]>
            </line>
            <line>
              <![CDATA[nike chroma flipflop added to the cart successfully]]>
            </line>
          </reporter-output>
        </test-method> <!-- amazonfashion -->
        <test-method is-config="true" signature="close()[pri:0, instance:com.allegis.tests.TestClass@291ae]" started-at="2022-05-23T16:28:04 IST" name="close" finished-at="2022-05-23T16:28:04 IST" duration-ms="306" status="PASS">
          <reporter-output>
          </reporter-output>
        </test-method> <!-- close -->
      </class> <!-- com.allegis.tests.TestClass -->
    </test> <!-- Default test -->
  </suite> <!-- Default suite -->
</testng-results>
